  [4;36;1mSQL (0.2ms)[0m   [0;1m SELECT name
 FROM sqlite_master
 WHERE type = 'table' AND NOT name = 'sqlite_sequence'
[0m
  [4;35;1mSQL (0.1ms)[0m   [0mselect sqlite_version(*)[0m
  [4;36;1mSQL (34.2ms)[0m   [0;1mCREATE TABLE "schema_migrations" ("version" varchar(255) NOT NULL) [0m
  [4;35;1mSQL (0.1ms)[0m   [0mPRAGMA index_list("schema_migrations")[0m
  [4;36;1mSQL (6.9ms)[0m   [0;1mCREATE UNIQUE INDEX "unique_schema_migrations" ON "schema_migrations" ("version")[0m
  [4;35;1mSQL (0.3ms)[0m   [0m SELECT name
 FROM sqlite_master
 WHERE type = 'table' AND NOT name = 'sqlite_sequence'
[0m
  [4;36;1mSQL (0.1ms)[0m   [0;1mSELECT version FROM schema_migrations[0m
Migrating to CreateUsers (20100727174336)
  [4;35;1mSQL (0.4ms)[0m   [0mCREATE TABLE "users" ("id" INTEGER PRIMARY KEY AUTOINCREMENT NOT NULL, "login" varchar(255), "name" varchar(255), "created_at" datetime, "updated_at" datetime) [0m
  [4;36;1mSQL (0.1ms)[0m   [0;1mINSERT INTO schema_migrations (version) VALUES ('20100727174336')[0m
Migrating to AddAttachmentsAvatarToUser (20100727174345)
  [4;35;1mSQL (0.5ms)[0m   [0mALTER TABLE "users" ADD "avatar_file_name" varchar(255)[0m
  [4;36;1mSQL (0.1ms)[0m   [0;1mALTER TABLE "users" ADD "avatar_content_type" varchar(255)[0m
  [4;35;1mSQL (0.1ms)[0m   [0mALTER TABLE "users" ADD "avatar_file_size" integer[0m
  [4;36;1mSQL (0.1ms)[0m   [0;1mALTER TABLE "users" ADD "avatar_updated_at" datetime[0m
  [4;35;1mSQL (0.1ms)[0m   [0mINSERT INTO schema_migrations (version) VALUES ('20100727174345')[0m
  [4;36;1mSQL (0.3ms)[0m   [0;1m SELECT name
 FROM sqlite_master
 WHERE type = 'table' AND NOT name = 'sqlite_sequence'
[0m
  [4;35;1mSQL (0.1ms)[0m   [0mSELECT version FROM schema_migrations[0m
  [4;36;1mSQL (0.1ms)[0m   [0;1m SELECT name
 FROM sqlite_master
 WHERE type = 'table' AND NOT name = 'sqlite_sequence'
[0m
  [4;35;1mSQL (0.0ms)[0m   [0mPRAGMA index_list("users")[0m


Processing UsersController#index (for 127.0.0.1 at 2010-07-27 15:05:19) [GET]
  [4;36;1mUser Load (0.4ms)[0m   [0;1mSELECT * FROM "users" [0m
Rendering template within layouts/users
Rendering users/index
Completed in 67ms (View: 61, DB: 0) | 200 OK [http://localhost/users]


Processing UsersController#index (for 127.0.0.1 at 2010-07-27 15:05:21) [GET]
  [4;35;1mUser Load (0.3ms)[0m   [0mSELECT * FROM "users" [0m
Rendering template within layouts/users
Rendering users/index
Completed in 17ms (View: 12, DB: 0) | 200 OK [http://localhost/users]


Processing UsersController#new (for 127.0.0.1 at 2010-07-27 15:05:22) [GET]
Rendering template within layouts/users
Rendering users/new

ActionView::TemplateError (wrong number of arguments (0 for 1)) on line #17 of app/views/users/new.html.erb:
14:       <%= f.text_field :name %>
15:     </p>
16:     <p>
17:       <%= form.file_field :avatar %>
18:     </p>
19:     <p>
20:       <%= f.submit 'Create' %>

    app/views/users/new.html.erb:17:in `form'
    app/views/users/new.html.erb:17
    app/views/users/new.html.erb:4
    app/controllers/users_controller.rb:29:in `new'

Rendered rescues/_trace (169.3ms)
Rendered rescues/_request_and_response (1.1ms)
Rendering rescues/layout (internal_server_error)


Processing UsersController#new (for 127.0.0.1 at 2010-07-27 15:05:31) [GET]
Rendering template within layouts/users
Rendering users/new
Completed in 13ms (View: 9, DB: 0) | 200 OK [http://localhost/users/new]


Processing UsersController#new (for 127.0.0.1 at 2010-07-27 15:05:51) [GET]
Rendering template within layouts/users
Rendering users/new
Completed in 13ms (View: 9, DB: 0) | 200 OK [http://localhost/users/new]


Processing UsersController#create (for 127.0.0.1 at 2010-07-27 15:06:20) [POST]
  Parameters: {"commit"=>"Create", "authenticity_token"=>"26VgV9f8QOFNvDvhKSOMwX0LE5wcTjt/mieMYnhh+lc=", "user"=>{"name"=>"akita", "avatar"=>#<File:/var/folders/Mu/MupkXVPrHPSHb6qWCC9Vh++++TI/-Tmp-/RackMultipart20100727-4835-av68bw-0>, "login"=>"Akita"}}
[paperclip] identify '-format' '%wx%h' '/var/folders/Mu/MupkXVPrHPSHb6qWCC9Vh++++TI/-Tmp-/stream,4835,0.jpg[0]' 2>/dev/null
[paperclip] convert '/var/folders/Mu/MupkXVPrHPSHb6qWCC9Vh++++TI/-Tmp-/stream,4835,0.jpg[0]' '-resize' '50x50>' '/var/folders/Mu/MupkXVPrHPSHb6qWCC9Vh++++TI/-Tmp-/stream,4835,0,4835,0.png' 2>/dev/null
[paperclip] identify '-format' '%wx%h' '/var/folders/Mu/MupkXVPrHPSHb6qWCC9Vh++++TI/-Tmp-/stream,4835,0.jpg[0]' 2>/dev/null
[paperclip] convert '/var/folders/Mu/MupkXVPrHPSHb6qWCC9Vh++++TI/-Tmp-/stream,4835,0.jpg[0]' '-resize' '400x400>' '/var/folders/Mu/MupkXVPrHPSHb6qWCC9Vh++++TI/-Tmp-/stream,4835,0,4835,1.png' 2>/dev/null
  [4;36;1mUser Create (0.4ms)[0m   [0;1mINSERT INTO "users" ("name", "created_at", "avatar_file_name", "avatar_file_size", "updated_at", "avatar_content_type", "login", "avatar_updated_at") VALUES('akita', '2010-07-27 18:06:23', '4015270661_1d44744ac4_o.jpg', 78920, '2010-07-27 18:06:23', 'image/jpeg', 'Akita', '2010-07-27 18:06:20')[0m
[paperclip] Saving attachments.
[paperclip] saving /private/tmp/teste/public/system/avatars/1/thumb/4015270661_1d44744ac4_o.png
[paperclip] saving /private/tmp/teste/public/system/avatars/1/medium/4015270661_1d44744ac4_o.png
[paperclip] saving /private/tmp/teste/public/system/avatars/1/original/4015270661_1d44744ac4_o.jpg
Rendering template within layouts/users
Rendering create.js.erb

ActionView::MissingTemplate (Missing template create.js.erb in view path app/views):
  app/controllers/users_controller.rb:46:in `create'
  app/controllers/users_controller.rb:45:in `create'

Rendering rescues/layout (internal_server_error)


Processing UsersController#new (for 127.0.0.1 at 2010-07-27 15:08:19) [GET]
Rendering template within layouts/users
Rendering users/new
Completed in 16ms (View: 12, DB: 0) | 200 OK [http://localhost/users/new]


Processing UsersController#new (for 127.0.0.1 at 2010-07-27 15:08:22) [GET]
Rendering template within layouts/users
Rendering users/new
Completed in 14ms (View: 8, DB: 0) | 200 OK [http://localhost/users/new]


Processing UsersController#new (for 127.0.0.1 at 2010-07-27 15:09:04) [GET]
Rendering template within layouts/users
Rendering users/new

ActionView::TemplateError (`@/users?format=js' is not allowed as an instance variable name) on line #6 of app/views/users/new.html.erb:
3: <div id="user">
4:   <% form_for(users_path(@user, :format => :js), :html => { :target => "hiddenForm", :multipart => true }) do |f| %>
5:     <div id="error_messages"></div>
6:     <%= f.error_messages %>
7:   
8:     <p>
9:       <%= f.label :login %><br />

    app/views/users/new.html.erb:6
    app/views/users/new.html.erb:4
    app/controllers/users_controller.rb:29:in `new'

Rendered rescues/_trace (59.2ms)
Rendered rescues/_request_and_response (0.3ms)
Rendering rescues/layout (internal_server_error)


Processing UsersController#new (for 127.0.0.1 at 2010-07-27 15:09:21) [GET]
Rendering template within layouts/users
Rendering users/new
Completed in 14ms (View: 9, DB: 0) | 200 OK [http://localhost/users/new]


Processing UsersController#new (for 127.0.0.1 at 2010-07-27 15:10:46) [GET]
Rendering template within layouts/users
Rendering users/new
DEPRECATION WARNING: formatted_users_path() has been deprecated. Please pass format to the standard users_path method instead. (called from _run_erb_app47views47users47new46html46erb at /private/tmp/teste/app/views/users/new.html.erb:4)
Completed in 14ms (View: 9, DB: 0) | 200 OK [http://localhost/users/new]


Processing UsersController#new (for 127.0.0.1 at 2010-07-27 15:10:47) [GET]
Rendering template within layouts/users
Rendering users/new
DEPRECATION WARNING: formatted_users_path() has been deprecated. Please pass format to the standard users_path method instead. (called from _run_erb_app47views47users47new46html46erb at /private/tmp/teste/app/views/users/new.html.erb:4)
Completed in 13ms (View: 8, DB: 0) | 200 OK [http://localhost/users/new]


Processing UsersController#new (for 127.0.0.1 at 2010-07-27 15:10:57) [GET]
Rendering template within layouts/users
Rendering users/new
DEPRECATION WARNING: formatted_users_path() has been deprecated. Please pass format to the standard users_path method instead. (called from _run_erb_app47views47users47new46html46erb at /private/tmp/teste/app/views/users/new.html.erb:4)
Completed in 13ms (View: 9, DB: 0) | 200 OK [http://localhost/users/new]


Processing UsersController#new (for 127.0.0.1 at 2010-07-27 15:13:38) [GET]
Rendering template within layouts/users
Rendering users/new
Completed in 13ms (View: 9, DB: 0) | 200 OK [http://localhost/users/new]


Processing UsersController#new (for 127.0.0.1 at 2010-07-27 15:13:40) [GET]
Rendering template within layouts/users
Rendering users/new
Completed in 14ms (View: 8, DB: 0) | 200 OK [http://localhost/users/new]


Processing UsersController#create to js (for 127.0.0.1 at 2010-07-27 15:14:06) [POST]
  Parameters: {"commit"=>"Create", "authenticity_token"=>"26VgV9f8QOFNvDvhKSOMwX0LE5wcTjt/mieMYnhh+lc=", "user"=>{"name"=>"akita", "avatar"=>#<File:/var/folders/Mu/MupkXVPrHPSHb6qWCC9Vh++++TI/-Tmp-/RackMultipart20100727-4835-quyttf-0>, "login"=>"Akita"}}
[paperclip] identify '-format' '%wx%h' '/var/folders/Mu/MupkXVPrHPSHb6qWCC9Vh++++TI/-Tmp-/stream,4835,0.jpg[0]' 2>/dev/null
[paperclip] convert '/var/folders/Mu/MupkXVPrHPSHb6qWCC9Vh++++TI/-Tmp-/stream,4835,0.jpg[0]' '-resize' '50x50>' '/var/folders/Mu/MupkXVPrHPSHb6qWCC9Vh++++TI/-Tmp-/stream,4835,0,4835,0.png' 2>/dev/null
[paperclip] identify '-format' '%wx%h' '/var/folders/Mu/MupkXVPrHPSHb6qWCC9Vh++++TI/-Tmp-/stream,4835,0.jpg[0]' 2>/dev/null
[paperclip] convert '/var/folders/Mu/MupkXVPrHPSHb6qWCC9Vh++++TI/-Tmp-/stream,4835,0.jpg[0]' '-resize' '400x400>' '/var/folders/Mu/MupkXVPrHPSHb6qWCC9Vh++++TI/-Tmp-/stream,4835,0,4835,1.png' 2>/dev/null
  [4;35;1mUser Create (0.3ms)[0m   [0mINSERT INTO "users" ("name", "created_at", "avatar_file_name", "avatar_file_size", "updated_at", "avatar_content_type", "login", "avatar_updated_at") VALUES('akita', '2010-07-27 18:14:06', '4015270661_1d44744ac4_o.jpg', 78920, '2010-07-27 18:14:06', 'image/jpeg', 'Akita', '2010-07-27 18:14:06')[0m
[paperclip] Saving attachments.
[paperclip] saving /private/tmp/teste/public/system/avatars/2/thumb/4015270661_1d44744ac4_o.png
[paperclip] saving /private/tmp/teste/public/system/avatars/2/medium/4015270661_1d44744ac4_o.png
[paperclip] saving /private/tmp/teste/public/system/avatars/2/original/4015270661_1d44744ac4_o.jpg
Rendering users/create
Rendered users/_user (2.2ms)
Completed in 418ms (View: 0, DB: 0) | 200 OK [http://localhost/users?format=js]


Processing UsersController#create to js (for 127.0.0.1 at 2010-07-27 15:15:01) [POST]
  Parameters: {"commit"=>"Create", "authenticity_token"=>"26VgV9f8QOFNvDvhKSOMwX0LE5wcTjt/mieMYnhh+lc=", "user"=>{"name"=>"akita", "avatar"=>#<File:/var/folders/Mu/MupkXVPrHPSHb6qWCC9Vh++++TI/-Tmp-/RackMultipart20100727-4835-11xpmv3-0>, "login"=>"Akita"}}
[paperclip] identify '-format' '%wx%h' '/var/folders/Mu/MupkXVPrHPSHb6qWCC9Vh++++TI/-Tmp-/stream,4835,1.jpg[0]' 2>/dev/null
[paperclip] convert '/var/folders/Mu/MupkXVPrHPSHb6qWCC9Vh++++TI/-Tmp-/stream,4835,1.jpg[0]' '-resize' '50x50>' '/var/folders/Mu/MupkXVPrHPSHb6qWCC9Vh++++TI/-Tmp-/stream,4835,1,4835,0.png' 2>/dev/null
[paperclip] identify '-format' '%wx%h' '/var/folders/Mu/MupkXVPrHPSHb6qWCC9Vh++++TI/-Tmp-/stream,4835,1.jpg[0]' 2>/dev/null
[paperclip] convert '/var/folders/Mu/MupkXVPrHPSHb6qWCC9Vh++++TI/-Tmp-/stream,4835,1.jpg[0]' '-resize' '400x400>' '/var/folders/Mu/MupkXVPrHPSHb6qWCC9Vh++++TI/-Tmp-/stream,4835,1,4835,1.png' 2>/dev/null
  [4;36;1mUser Create (0.4ms)[0m   [0;1mINSERT INTO "users" ("name", "created_at", "avatar_file_name", "avatar_file_size", "updated_at", "avatar_content_type", "login", "avatar_updated_at") VALUES('akita', '2010-07-27 18:15:01', '4015270661_1d44744ac4_o.jpg', 78920, '2010-07-27 18:15:01', 'image/jpeg', 'Akita', '2010-07-27 18:15:01')[0m
[paperclip] Saving attachments.
[paperclip] saving /private/tmp/teste/public/system/avatars/3/thumb/4015270661_1d44744ac4_o.png
[paperclip] saving /private/tmp/teste/public/system/avatars/3/medium/4015270661_1d44744ac4_o.png
[paperclip] saving /private/tmp/teste/public/system/avatars/3/original/4015270661_1d44744ac4_o.jpg
Rendering users/create
Rendered users/_user (1.5ms)
Completed in 383ms (View: 0, DB: 0) | 200 OK [http://localhost/users?format=js]


Processing UsersController#index to js (for 127.0.0.1 at 2010-07-27 15:15:02) [GET]
  [4;35;1mUser Load (0.4ms)[0m   [0mSELECT * FROM "users" [0m
Completed in 5ms (View: 1, DB: 0) | 406 Not Acceptable [http://localhost/users?format=js]


Processing UsersController#new (for 127.0.0.1 at 2010-07-27 15:15:17) [GET]
Rendering template within layouts/users
Rendering users/new
Completed in 12ms (View: 8, DB: 0) | 200 OK [http://localhost/users/new]


Processing UsersController#new (for 127.0.0.1 at 2010-07-27 15:15:19) [GET]
Rendering template within layouts/users
Rendering users/new
Completed in 13ms (View: 8, DB: 0) | 200 OK [http://localhost/users/new]


Processing UsersController#create to js (for 127.0.0.1 at 2010-07-27 15:16:09) [POST]
  Parameters: {"commit"=>"Create", "authenticity_token"=>"26VgV9f8QOFNvDvhKSOMwX0LE5wcTjt/mieMYnhh+lc=", "user"=>{"name"=>"akita", "avatar"=>#<File:/var/folders/Mu/MupkXVPrHPSHb6qWCC9Vh++++TI/-Tmp-/RackMultipart20100727-4835-m3657r-0>, "login"=>"Akita"}}
[paperclip] identify '-format' '%wx%h' '/var/folders/Mu/MupkXVPrHPSHb6qWCC9Vh++++TI/-Tmp-/stream,4835,0.jpg[0]' 2>/dev/null
[paperclip] convert '/var/folders/Mu/MupkXVPrHPSHb6qWCC9Vh++++TI/-Tmp-/stream,4835,0.jpg[0]' '-resize' '50x50>' '/var/folders/Mu/MupkXVPrHPSHb6qWCC9Vh++++TI/-Tmp-/stream,4835,0,4835,0.png' 2>/dev/null
[paperclip] identify '-format' '%wx%h' '/var/folders/Mu/MupkXVPrHPSHb6qWCC9Vh++++TI/-Tmp-/stream,4835,0.jpg[0]' 2>/dev/null
[paperclip] convert '/var/folders/Mu/MupkXVPrHPSHb6qWCC9Vh++++TI/-Tmp-/stream,4835,0.jpg[0]' '-resize' '400x400>' '/var/folders/Mu/MupkXVPrHPSHb6qWCC9Vh++++TI/-Tmp-/stream,4835,0,4835,1.png' 2>/dev/null
  [4;36;1mUser Create (0.4ms)[0m   [0;1mINSERT INTO "users" ("name", "created_at", "avatar_file_name", "avatar_file_size", "updated_at", "avatar_content_type", "login", "avatar_updated_at") VALUES('akita', '2010-07-27 18:16:09', '4015270661_1d44744ac4_o.jpg', 78920, '2010-07-27 18:16:09', 'image/jpeg', 'Akita', '2010-07-27 18:16:09')[0m
[paperclip] Saving attachments.
[paperclip] saving /private/tmp/teste/public/system/avatars/4/thumb/4015270661_1d44744ac4_o.png
[paperclip] saving /private/tmp/teste/public/system/avatars/4/medium/4015270661_1d44744ac4_o.png
[paperclip] saving /private/tmp/teste/public/system/avatars/4/original/4015270661_1d44744ac4_o.jpg
Rendering users/create
Rendered users/_user (1.0ms)
Completed in 392ms (View: 0, DB: 0) | 200 OK [http://localhost/users?format=js]


Processing UsersController#index to js (for 127.0.0.1 at 2010-07-27 15:16:09) [GET]
  [4;35;1mUser Load (0.4ms)[0m   [0mSELECT * FROM "users" [0m
Completed in 5ms (View: 1, DB: 0) | 406 Not Acceptable [http://localhost/users?format=js]


Processing UsersController#new (for 127.0.0.1 at 2010-07-27 15:16:20) [GET]
Rendering template within layouts/users
Rendering users/new
Completed in 12ms (View: 7, DB: 0) | 200 OK [http://localhost/users/new]


Processing UsersController#new (for 127.0.0.1 at 2010-07-27 15:16:22) [GET]
Rendering template within layouts/users
Rendering users/new
Completed in 15ms (View: 10, DB: 0) | 200 OK [http://localhost/users/new]


Processing UsersController#create to js (for 127.0.0.1 at 2010-07-27 15:17:03) [POST]
  Parameters: {"commit"=>"Create", "authenticity_token"=>"26VgV9f8QOFNvDvhKSOMwX0LE5wcTjt/mieMYnhh+lc=", "user"=>{"name"=>"akita", "avatar"=>#<File:/var/folders/Mu/MupkXVPrHPSHb6qWCC9Vh++++TI/-Tmp-/RackMultipart20100727-4835-1huzj7p-0>, "login"=>"Akita"}}
[paperclip] identify '-format' '%wx%h' '/var/folders/Mu/MupkXVPrHPSHb6qWCC9Vh++++TI/-Tmp-/stream,4835,1.jpg[0]' 2>/dev/null
[paperclip] convert '/var/folders/Mu/MupkXVPrHPSHb6qWCC9Vh++++TI/-Tmp-/stream,4835,1.jpg[0]' '-resize' '50x50>' '/var/folders/Mu/MupkXVPrHPSHb6qWCC9Vh++++TI/-Tmp-/stream,4835,1,4835,0.png' 2>/dev/null
[paperclip] identify '-format' '%wx%h' '/var/folders/Mu/MupkXVPrHPSHb6qWCC9Vh++++TI/-Tmp-/stream,4835,1.jpg[0]' 2>/dev/null
[paperclip] convert '/var/folders/Mu/MupkXVPrHPSHb6qWCC9Vh++++TI/-Tmp-/stream,4835,1.jpg[0]' '-resize' '400x400>' '/var/folders/Mu/MupkXVPrHPSHb6qWCC9Vh++++TI/-Tmp-/stream,4835,1,4835,1.png' 2>/dev/null
  [4;36;1mUser Create (0.4ms)[0m   [0;1mINSERT INTO "users" ("name", "created_at", "avatar_file_name", "avatar_file_size", "updated_at", "avatar_content_type", "login", "avatar_updated_at") VALUES('akita', '2010-07-27 18:17:03', '4015270661_1d44744ac4_o.jpg', 78920, '2010-07-27 18:17:03', 'image/jpeg', 'Akita', '2010-07-27 18:17:03')[0m
[paperclip] Saving attachments.
[paperclip] saving /private/tmp/teste/public/system/avatars/5/thumb/4015270661_1d44744ac4_o.png
[paperclip] saving /private/tmp/teste/public/system/avatars/5/medium/4015270661_1d44744ac4_o.png
[paperclip] saving /private/tmp/teste/public/system/avatars/5/original/4015270661_1d44744ac4_o.jpg
Rendering users/create
Rendered users/_user (1.4ms)
Completed in 374ms (View: 0, DB: 0) | 200 OK [http://localhost/users?format=js]


Processing UsersController#index to js (for 127.0.0.1 at 2010-07-27 15:17:03) [GET]
  [4;35;1mUser Load (0.5ms)[0m   [0mSELECT * FROM "users" [0m
Completed in 5ms (View: 1, DB: 0) | 406 Not Acceptable [http://localhost/users?format=js]


Processing UsersController#new (for 127.0.0.1 at 2010-07-27 15:17:27) [GET]
Rendering template within layouts/users
Rendering users/new
Completed in 12ms (View: 7, DB: 0) | 200 OK [http://localhost/users/new]


Processing UsersController#create to js (for 127.0.0.1 at 2010-07-27 15:17:32) [POST]
  Parameters: {"commit"=>"Create", "authenticity_token"=>"26VgV9f8QOFNvDvhKSOMwX0LE5wcTjt/mieMYnhh+lc=", "user"=>{"name"=>"akita", "avatar"=>#<File:/var/folders/Mu/MupkXVPrHPSHb6qWCC9Vh++++TI/-Tmp-/RackMultipart20100727-4835-vdltik-0>, "login"=>"Akita"}}
[paperclip] identify '-format' '%wx%h' '/var/folders/Mu/MupkXVPrHPSHb6qWCC9Vh++++TI/-Tmp-/stream,4835,2.jpg[0]' 2>/dev/null
[paperclip] convert '/var/folders/Mu/MupkXVPrHPSHb6qWCC9Vh++++TI/-Tmp-/stream,4835,2.jpg[0]' '-resize' '50x50>' '/var/folders/Mu/MupkXVPrHPSHb6qWCC9Vh++++TI/-Tmp-/stream,4835,2,4835,0.png' 2>/dev/null
[paperclip] identify '-format' '%wx%h' '/var/folders/Mu/MupkXVPrHPSHb6qWCC9Vh++++TI/-Tmp-/stream,4835,2.jpg[0]' 2>/dev/null
[paperclip] convert '/var/folders/Mu/MupkXVPrHPSHb6qWCC9Vh++++TI/-Tmp-/stream,4835,2.jpg[0]' '-resize' '400x400>' '/var/folders/Mu/MupkXVPrHPSHb6qWCC9Vh++++TI/-Tmp-/stream,4835,2,4835,1.png' 2>/dev/null
  [4;36;1mUser Create (0.4ms)[0m   [0;1mINSERT INTO "users" ("name", "created_at", "avatar_file_name", "avatar_file_size", "updated_at", "avatar_content_type", "login", "avatar_updated_at") VALUES('akita', '2010-07-27 18:17:32', '4015270661_1d44744ac4_o.jpg', 78920, '2010-07-27 18:17:32', 'image/jpeg', 'Akita', '2010-07-27 18:17:32')[0m
[paperclip] Saving attachments.
[paperclip] saving /private/tmp/teste/public/system/avatars/6/thumb/4015270661_1d44744ac4_o.png
[paperclip] saving /private/tmp/teste/public/system/avatars/6/medium/4015270661_1d44744ac4_o.png
[paperclip] saving /private/tmp/teste/public/system/avatars/6/original/4015270661_1d44744ac4_o.jpg
Rendering users/create
Rendered users/_user (1.4ms)
Completed in 370ms (View: 0, DB: 0) | 200 OK [http://localhost/users?format=js]


Processing UsersController#index to js (for 127.0.0.1 at 2010-07-27 15:17:32) [GET]
  [4;35;1mUser Load (0.5ms)[0m   [0mSELECT * FROM "users" [0m
Completed in 5ms (View: 1, DB: 0) | 406 Not Acceptable [http://localhost/users?format=js]


Processing UsersController#new (for 127.0.0.1 at 2010-07-27 15:19:04) [GET]
Rendering template within layouts/users
Rendering users/new
Completed in 21ms (View: 16, DB: 0) | 200 OK [http://localhost/users/new]


Processing UsersController#create to js (for 127.0.0.1 at 2010-07-27 15:19:06) [POST]
  Parameters: {"commit"=>"Create", "authenticity_token"=>"26VgV9f8QOFNvDvhKSOMwX0LE5wcTjt/mieMYnhh+lc=", "user"=>{"name"=>"akita", "avatar"=>#<File:/var/folders/Mu/MupkXVPrHPSHb6qWCC9Vh++++TI/-Tmp-/RackMultipart20100727-4835-z7w0a8-0>, "login"=>"Akita"}}
[paperclip] identify '-format' '%wx%h' '/var/folders/Mu/MupkXVPrHPSHb6qWCC9Vh++++TI/-Tmp-/stream,4835,0.jpg[0]' 2>/dev/null
[paperclip] convert '/var/folders/Mu/MupkXVPrHPSHb6qWCC9Vh++++TI/-Tmp-/stream,4835,0.jpg[0]' '-resize' '50x50>' '/var/folders/Mu/MupkXVPrHPSHb6qWCC9Vh++++TI/-Tmp-/stream,4835,0,4835,0.png' 2>/dev/null
[paperclip] identify '-format' '%wx%h' '/var/folders/Mu/MupkXVPrHPSHb6qWCC9Vh++++TI/-Tmp-/stream,4835,0.jpg[0]' 2>/dev/null
[paperclip] convert '/var/folders/Mu/MupkXVPrHPSHb6qWCC9Vh++++TI/-Tmp-/stream,4835,0.jpg[0]' '-resize' '400x400>' '/var/folders/Mu/MupkXVPrHPSHb6qWCC9Vh++++TI/-Tmp-/stream,4835,0,4835,1.png' 2>/dev/null
  [4;36;1mUser Create (0.4ms)[0m   [0;1mINSERT INTO "users" ("name", "created_at", "avatar_file_name", "avatar_file_size", "updated_at", "avatar_content_type", "login", "avatar_updated_at") VALUES('akita', '2010-07-27 18:19:07', '4015270661_1d44744ac4_o.jpg', 78920, '2010-07-27 18:19:07', 'image/jpeg', 'Akita', '2010-07-27 18:19:07')[0m
[paperclip] Saving attachments.
[paperclip] saving /private/tmp/teste/public/system/avatars/7/thumb/4015270661_1d44744ac4_o.png
[paperclip] saving /private/tmp/teste/public/system/avatars/7/medium/4015270661_1d44744ac4_o.png
[paperclip] saving /private/tmp/teste/public/system/avatars/7/original/4015270661_1d44744ac4_o.jpg
Rendering users/create
Rendered users/_user (1.7ms)
Completed in 530ms (View: 0, DB: 0) | 200 OK [http://localhost/users?format=js]


Processing UsersController#index to js (for 127.0.0.1 at 2010-07-27 15:19:07) [GET]
  [4;35;1mUser Load (0.8ms)[0m   [0mSELECT * FROM "users" [0m
Completed in 7ms (View: 1, DB: 1) | 406 Not Acceptable [http://localhost/users?format=js]


Processing UsersController#index (for 127.0.0.1 at 2010-07-27 15:19:18) [GET]
  [4;36;1mUser Load (0.6ms)[0m   [0;1mSELECT * FROM "users" [0m
Rendering template within layouts/users
Rendering users/index
Completed in 22ms (View: 17, DB: 1) | 200 OK [http://localhost/users]


Processing UsersController#show (for 127.0.0.1 at 2010-07-27 15:19:21) [GET]
  Parameters: {"id"=>"5"}
  [4;35;1mUser Load (0.1ms)[0m   [0mSELECT * FROM "users" WHERE ("users"."id" = 5) [0m
Rendering template within layouts/users
Rendering users/show
Rendered users/_user (2.3ms)
Completed in 13ms (View: 8, DB: 0) | 200 OK [http://localhost/users/5]


Processing UsersController#index (for 127.0.0.1 at 2010-07-27 15:19:22) [GET]
  [4;36;1mUser Load (0.5ms)[0m   [0;1mSELECT * FROM "users" [0m
Rendering template within layouts/users
Rendering users/index
Completed in 22ms (View: 17, DB: 1) | 200 OK [http://localhost/users]


Processing UsersController#new (for 127.0.0.1 at 2010-07-27 15:20:38) [GET]
Rendering template within layouts/users
Rendering users/new
Completed in 19ms (View: 15, DB: 0) | 200 OK [http://localhost/users/new]


Processing UsersController#create to js (for 127.0.0.1 at 2010-07-27 15:20:47) [POST]
  Parameters: {"commit"=>"Create", "authenticity_token"=>"26VgV9f8QOFNvDvhKSOMwX0LE5wcTjt/mieMYnhh+lc=", "user"=>{"name"=>"akita", "avatar"=>#<File:/var/folders/Mu/MupkXVPrHPSHb6qWCC9Vh++++TI/-Tmp-/RackMultipart20100727-5633-1a5xu2d-0>, "login"=>"Akita"}}
[paperclip] identify '-format' '%wx%h' '/var/folders/Mu/MupkXVPrHPSHb6qWCC9Vh++++TI/-Tmp-/stream,5633,0.jpg[0]' 2>/dev/null
[paperclip] convert '/var/folders/Mu/MupkXVPrHPSHb6qWCC9Vh++++TI/-Tmp-/stream,5633,0.jpg[0]' '-resize' '50x50>' '/var/folders/Mu/MupkXVPrHPSHb6qWCC9Vh++++TI/-Tmp-/stream,5633,0,5633,0.png' 2>/dev/null
[paperclip] identify '-format' '%wx%h' '/var/folders/Mu/MupkXVPrHPSHb6qWCC9Vh++++TI/-Tmp-/stream,5633,0.jpg[0]' 2>/dev/null
[paperclip] convert '/var/folders/Mu/MupkXVPrHPSHb6qWCC9Vh++++TI/-Tmp-/stream,5633,0.jpg[0]' '-resize' '400x400>' '/var/folders/Mu/MupkXVPrHPSHb6qWCC9Vh++++TI/-Tmp-/stream,5633,0,5633,1.png' 2>/dev/null
  [4;36;1mUser Create (0.4ms)[0m   [0;1mINSERT INTO "users" ("name", "created_at", "avatar_file_name", "avatar_file_size", "updated_at", "avatar_content_type", "login", "avatar_updated_at") VALUES('akita', '2010-07-27 18:20:47', '4015270661_1d44744ac4_o.jpg', 78920, '2010-07-27 18:20:47', 'image/jpeg', 'Akita', '2010-07-27 18:20:47')[0m
[paperclip] Saving attachments.
[paperclip] saving /private/tmp/teste/public/system/avatars/8/thumb/4015270661_1d44744ac4_o.png
[paperclip] saving /private/tmp/teste/public/system/avatars/8/medium/4015270661_1d44744ac4_o.png
[paperclip] saving /private/tmp/teste/public/system/avatars/8/original/4015270661_1d44744ac4_o.jpg
Rendering users/create
Rendered users/_user (1.7ms)
Completed in 428ms (View: 0, DB: 0) | 200 OK [http://localhost/users?format=js]


Processing UsersController#index (for 127.0.0.1 at 2010-07-27 15:20:56) [GET]
  [4;35;1mUser Load (0.8ms)[0m   [0mSELECT * FROM "users" [0m
Rendering template within layouts/users
Rendering users/index
Completed in 162ms (View: 156, DB: 1) | 200 OK [http://localhost/users]


Processing UsersController#index (for 127.0.0.1 at 2010-07-27 15:29:31) [GET]
  [4;36;1mUser Load (0.6ms)[0m   [0;1mSELECT * FROM "users" [0m
Rendering template within layouts/users
Rendering users/index
Completed in 32ms (View: 27, DB: 1) | 200 OK [http://localhost/users]


Processing UsersController#index (for 127.0.0.1 at 2010-07-27 15:29:34) [GET]
  [4;35;1mUser Load (1.2ms)[0m   [0mSELECT * FROM "users" [0m
Rendering template within layouts/users
Rendering users/index
Completed in 36ms (View: 30, DB: 1) | 200 OK [http://localhost/users]


Processing UsersController#index (for 127.0.0.1 at 2010-07-27 15:30:07) [GET]
  [4;36;1mUser Load (0.5ms)[0m   [0;1mSELECT * FROM "users" [0m
Rendering template within layouts/users
Rendering users/index
Completed in 26ms (View: 21, DB: 1) | 200 OK [http://localhost/users]


Processing UsersController#index (for 127.0.0.1 at 2010-07-27 15:31:19) [GET]
  [4;35;1mUser Load (0.5ms)[0m   [0mSELECT * FROM "users" [0m
Rendering template within layouts/users
Rendering users/index
Completed in 25ms (View: 20, DB: 1) | 200 OK [http://localhost/users]


Processing UsersController#new (for 127.0.0.1 at 2010-07-27 15:31:20) [GET]
Rendering template within layouts/users
Rendering users/new
Completed in 14ms (View: 10, DB: 0) | 200 OK [http://localhost/users/new]


Processing UsersController#index (for 127.0.0.1 at 2010-07-27 15:31:22) [GET]
  [4;36;1mUser Load (0.7ms)[0m   [0;1mSELECT * FROM "users" [0m
Rendering template within layouts/users
Rendering users/index
Completed in 25ms (View: 19, DB: 1) | 200 OK [http://localhost/users]


Processing UsersController#index (for 127.0.0.1 at 2010-07-27 15:31:24) [GET]
  [4;35;1mUser Load (0.6ms)[0m   [0mSELECT * FROM "users" [0m
Rendering template within layouts/users
Rendering users/index
Completed in 34ms (View: 28, DB: 1) | 200 OK [http://localhost/users]


Processing UsersController#index (for 127.0.0.1 at 2010-07-27 15:31:48) [GET]
  [4;36;1mUser Load (0.6ms)[0m   [0;1mSELECT * FROM "users" [0m
Rendering template within layouts/users
Rendering users/index
Completed in 28ms (View: 23, DB: 1) | 200 OK [http://localhost/users]


Processing UsersController#index (for 127.0.0.1 at 2010-07-27 15:31:55) [GET]
  [4;35;1mUser Load (0.5ms)[0m   [0mSELECT * FROM "users" [0m
Rendering template within layouts/users
Rendering users/index
Completed in 26ms (View: 22, DB: 1) | 200 OK [http://localhost/users]


Processing ApplicationController#index (for 127.0.0.1 at 2010-07-27 15:31:57) [GET]

ActionController::RoutingError (No route matches "/stylesheets/spinner.gif" with {:method=>:get}):
  

Rendering rescues/layout (not_found)


Processing UsersController#new (for 127.0.0.1 at 2010-07-27 15:31:57) [GET]
Rendering template within layouts/users
Rendering users/new
Completed in 16ms (View: 11, DB: 0) | 200 OK [http://localhost/users/new]


Processing UsersController#index (for 127.0.0.1 at 2010-07-27 15:31:59) [GET]
  [4;36;1mUser Load (1.4ms)[0m   [0;1mSELECT * FROM "users" [0m
Rendering template within layouts/users
Rendering users/index
Completed in 31ms (View: 22, DB: 1) | 200 OK [http://localhost/users]


Processing UsersController#index (for 127.0.0.1 at 2010-07-27 15:33:09) [GET]
  [4;35;1mUser Load (0.5ms)[0m   [0mSELECT * FROM "users" [0m
Rendering template within layouts/users
Rendering users/index
Completed in 25ms (View: 20, DB: 1) | 200 OK [http://localhost/users]


Processing ApplicationController#index (for 127.0.0.1 at 2010-07-27 15:33:11) [GET]

ActionController::RoutingError (No route matches "/stylesheets/spinner.gif" with {:method=>:get}):
  

Rendering rescues/layout (not_found)


Processing UsersController#index (for 127.0.0.1 at 2010-07-27 15:34:22) [GET]
  [4;36;1mUser Load (0.5ms)[0m   [0;1mSELECT * FROM "users" [0m
Rendering template within layouts/users
Rendering users/index
Completed in 24ms (View: 20, DB: 1) | 200 OK [http://localhost/users]


Processing ApplicationController#index (for 127.0.0.1 at 2010-07-27 15:34:24) [GET]

ActionController::RoutingError (No route matches "/stylesheets/spinner.gif" with {:method=>:get}):
  

Rendering rescues/layout (not_found)


Processing UsersController#new (for 127.0.0.1 at 2010-07-27 15:34:25) [GET]
Rendering template within layouts/users
Rendering users/new
Completed in 12ms (View: 8, DB: 0) | 200 OK [http://localhost/users/new]


Processing UsersController#new (for 127.0.0.1 at 2010-07-27 15:34:47) [GET]
Rendering template within layouts/users
Rendering users/new
Completed in 11ms (View: 7, DB: 0) | 200 OK [http://localhost/users/new]


Processing UsersController#new (for 127.0.0.1 at 2010-07-27 15:34:55) [GET]
Rendering template within layouts/users
Rendering users/new
Completed in 12ms (View: 8, DB: 0) | 200 OK [http://localhost/users/new]


Processing UsersController#index (for 127.0.0.1 at 2010-07-27 15:35:03) [GET]
  [4;35;1mUser Load (0.5ms)[0m   [0mSELECT * FROM "users" [0m
Rendering template within layouts/users
Rendering users/index
Completed in 23ms (View: 18, DB: 1) | 200 OK [http://localhost/users]


Processing UsersController#index (for 127.0.0.1 at 2010-07-27 15:37:17) [GET]
  [4;36;1mUser Load (0.5ms)[0m   [0;1mSELECT * FROM "users" [0m
Rendering template within layouts/users
Rendering users/index
Rendered users/_user (4.1ms)
Rendered users/_user (1.6ms)
Rendered users/_user (1.7ms)
Rendered users/_user (1.7ms)
Rendered users/_user (1.7ms)
Rendered users/_user (1.7ms)
Rendered users/_user (1.8ms)
Rendered users/_user (1.8ms)
Completed in 31ms (View: 27, DB: 1) | 200 OK [http://localhost/users]


Processing UsersController#index (for 127.0.0.1 at 2010-07-27 15:37:38) [GET]
  [4;35;1mUser Load (0.5ms)[0m   [0mSELECT * FROM "users" [0m
Rendering template within layouts/users
Rendering users/index
Rendered users/_user (3.5ms)
Rendered users/_user (1.6ms)
Rendered users/_user (1.6ms)
Rendered users/_user (1.6ms)
Rendered users/_user (1.6ms)
Rendered users/_user (1.7ms)
Rendered users/_user (1.6ms)
Rendered users/_user (1.6ms)
Completed in 26ms (View: 21, DB: 1) | 200 OK [http://localhost/users]


Processing UsersController#index (for 127.0.0.1 at 2010-07-27 15:41:23) [GET]
  [4;36;1mUser Load (0.5ms)[0m   [0;1mSELECT * FROM "users" [0m
Rendering template within layouts/users
Rendering users/index
Rendered users/_user (108.2ms)
Rendered users/_user (1.7ms)
Rendered users/_user (1.7ms)
Rendered users/_user (1.6ms)
Rendered users/_user (1.6ms)
Rendered users/_user (1.7ms)
Rendered users/_user (1.6ms)
Rendered users/_user (1.6ms)
Completed in 128ms (View: 123, DB: 1) | 200 OK [http://localhost/users]


Processing ApplicationController#index (for 127.0.0.1 at 2010-07-27 15:41:27) [GET]

ActionController::RoutingError (No route matches "/stylesheets/spinner.gif" with {:method=>:get}):
  

Rendering rescues/layout (not_found)


Processing UsersController#new (for 127.0.0.1 at 2010-07-27 15:41:28) [GET]
Rendering template within layouts/users
Rendering users/new
Completed in 15ms (View: 10, DB: 0) | 200 OK [http://localhost/users/new]


Processing UsersController#create to js (for 127.0.0.1 at 2010-07-27 15:41:35) [POST]
  Parameters: {"commit"=>"Create", "authenticity_token"=>"26VgV9f8QOFNvDvhKSOMwX0LE5wcTjt/mieMYnhh+lc=", "user"=>{"name"=>"teste", "avatar"=>#<File:/var/folders/Mu/MupkXVPrHPSHb6qWCC9Vh++++TI/-Tmp-/RackMultipart20100727-6223-xjq2sn-0>, "login"=>"teste"}}
[paperclip] identify '-format' '%wx%h' '/var/folders/Mu/MupkXVPrHPSHb6qWCC9Vh++++TI/-Tmp-/stream,6223,0.jpg[0]' 2>/dev/null
[paperclip] convert '/var/folders/Mu/MupkXVPrHPSHb6qWCC9Vh++++TI/-Tmp-/stream,6223,0.jpg[0]' '-resize' '50x50>' '/var/folders/Mu/MupkXVPrHPSHb6qWCC9Vh++++TI/-Tmp-/stream,6223,0,6223,0.png' 2>/dev/null
[paperclip] identify '-format' '%wx%h' '/var/folders/Mu/MupkXVPrHPSHb6qWCC9Vh++++TI/-Tmp-/stream,6223,0.jpg[0]' 2>/dev/null
[paperclip] convert '/var/folders/Mu/MupkXVPrHPSHb6qWCC9Vh++++TI/-Tmp-/stream,6223,0.jpg[0]' '-resize' '400x400>' '/var/folders/Mu/MupkXVPrHPSHb6qWCC9Vh++++TI/-Tmp-/stream,6223,0,6223,1.png' 2>/dev/null
  [4;35;1mUser Create (0.4ms)[0m   [0mINSERT INTO "users" ("name", "created_at", "avatar_file_name", "avatar_file_size", "updated_at", "avatar_content_type", "login", "avatar_updated_at") VALUES('teste', '2010-07-27 18:41:35', '4015270661_1d44744ac4_o-SQUARE.jpg', 41994, '2010-07-27 18:41:35', 'image/jpeg', 'teste', '2010-07-27 18:41:35')[0m
[paperclip] Saving attachments.
[paperclip] saving /private/tmp/teste/public/system/avatars/9/thumb/4015270661_1d44744ac4_o-SQUARE.png
[paperclip] saving /private/tmp/teste/public/system/avatars/9/medium/4015270661_1d44744ac4_o-SQUARE.png
[paperclip] saving /private/tmp/teste/public/system/avatars/9/original/4015270661_1d44744ac4_o-SQUARE.jpg
Rendering users/create
Rendered users/_user (3.2ms)
Completed in 551ms (View: 0, DB: 0) | 200 OK [http://localhost/users?format=js]


Processing UsersController#show (for 127.0.0.1 at 2010-07-27 15:41:43) [GET]
  Parameters: {"id"=>"9"}
  [4;36;1mUser Load (0.1ms)[0m   [0;1mSELECT * FROM "users" WHERE ("users"."id" = 9) [0m
Rendering template within layouts/users
Rendering users/show

ActionView::TemplateError (undefined local variable or method `user' for #<ActionView::Base:0x103806a70>) on line #2 of app/views/users/show.html.erb:
1: <p>
2:   <%= image_tag user.avatar.url(:medium) %>
3: </p>
4: 
5: <p>

    app/views/users/show.html.erb:2
    app/controllers/users_controller.rb:18:in `show'

Rendered rescues/_trace (54.5ms)
Rendered rescues/_request_and_response (1.2ms)
Rendering rescues/layout (internal_server_error)


Processing UsersController#show (for 127.0.0.1 at 2010-07-27 15:42:03) [GET]
  Parameters: {"id"=>"9"}
  [4;35;1mUser Load (0.1ms)[0m   [0mSELECT * FROM "users" WHERE ("users"."id" = 9) [0m
Rendering template within layouts/users
Rendering users/show
Completed in 14ms (View: 8, DB: 0) | 200 OK [http://localhost/users/9]


Processing UsersController#index (for 127.0.0.1 at 2010-07-27 15:42:05) [GET]
  [4;36;1mUser Load (0.7ms)[0m   [0;1mSELECT * FROM "users" [0m
Rendering template within layouts/users
Rendering users/index
Rendered users/_user (3.9ms)
Rendered users/_user (1.8ms)
Rendered users/_user (1.8ms)
Rendered users/_user (1.8ms)
Rendered users/_user (1.8ms)
Rendered users/_user (1.9ms)
Rendered users/_user (1.8ms)
Rendered users/_user (1.8ms)
Rendered users/_user (130.0ms)
Completed in 156ms (View: 151, DB: 1) | 200 OK [http://localhost/users]


Processing ApplicationController#index (for 127.0.0.1 at 2010-07-27 15:42:54) [GET]

ActionController::RoutingError (No route matches "/stylesheets/spinner.gif" with {:method=>:get}):
  

Rendering rescues/layout (not_found)


Processing UsersController#new (for 127.0.0.1 at 2010-07-27 15:42:54) [GET]
Rendering template within layouts/users
Rendering users/new
Completed in 15ms (View: 7, DB: 0) | 200 OK [http://localhost/users/new]


Processing UsersController#create to js (for 127.0.0.1 at 2010-07-27 15:42:56) [POST]
  Parameters: {"commit"=>"Create", "authenticity_token"=>"26VgV9f8QOFNvDvhKSOMwX0LE5wcTjt/mieMYnhh+lc=", "user"=>{"name"=>"", "login"=>""}}
Rendering users/create
Completed in 12ms (View: 0, DB: 0) | 200 OK [http://localhost/users?format=js]


Processing UsersController#index (for 127.0.0.1 at 2010-07-27 15:43:57) [GET]
  [4;35;1mUser Load (0.6ms)[0m   [0mSELECT * FROM "users" [0m
Rendering template within layouts/users
Rendering users/index
Rendered users/_user (3.5ms)
Rendered users/_user (1.6ms)
Rendered users/_user (1.6ms)
Rendered users/_user (1.7ms)
Rendered users/_user (1.9ms)
Rendered users/_user (2.4ms)
Rendered users/_user (1.8ms)
Rendered users/_user (1.6ms)
Rendered users/_user (1.6ms)
Completed in 26ms (View: 21, DB: 1) | 200 OK [http://localhost/users]


Processing ApplicationController#index (for 127.0.0.1 at 2010-07-27 15:43:59) [GET]

ActionController::RoutingError (No route matches "/stylesheets/spinner.gif" with {:method=>:get}):
  

Rendering rescues/layout (not_found)


Processing UsersController#new (for 127.0.0.1 at 2010-07-27 15:43:59) [GET]
Rendering template within layouts/users
Rendering users/new
Completed in 14ms (View: 9, DB: 0) | 200 OK [http://localhost/users/new]


Processing UsersController#create to js (for 127.0.0.1 at 2010-07-27 15:44:01) [POST]
  Parameters: {"commit"=>"Create", "authenticity_token"=>"26VgV9f8QOFNvDvhKSOMwX0LE5wcTjt/mieMYnhh+lc=", "user"=>{"name"=>"", "login"=>""}}
Rendering users/create
Completed in 14ms (View: 0, DB: 0) | 200 OK [http://localhost/users?format=js]


Processing UsersController#index (for 127.0.0.1 at 2010-07-27 15:45:01) [GET]
  [4;36;1mUser Load (0.7ms)[0m   [0;1mSELECT * FROM "users" [0m
Rendering template within layouts/users
Rendering users/index
Rendered users/_user (4.5ms)
Rendered users/_user (1.7ms)
Rendered users/_user (1.7ms)
Rendered users/_user (1.6ms)
Rendered users/_user (1.6ms)
Rendered users/_user (1.7ms)
Rendered users/_user (1.7ms)
Rendered users/_user (1.7ms)
Rendered users/_user (1.7ms)
Completed in 30ms (View: 24, DB: 1) | 200 OK [http://localhost/users]


Processing ApplicationController#index (for 127.0.0.1 at 2010-07-27 15:45:02) [GET]

ActionController::RoutingError (No route matches "/stylesheets/spinner.gif" with {:method=>:get}):
  

Rendering rescues/layout (not_found)


Processing UsersController#new (for 127.0.0.1 at 2010-07-27 15:45:03) [GET]
Rendering template within layouts/users
Rendering users/new
Completed in 16ms (View: 11, DB: 0) | 200 OK [http://localhost/users/new]


Processing UsersController#create to js (for 127.0.0.1 at 2010-07-27 15:45:05) [POST]
  Parameters: {"commit"=>"Create", "authenticity_token"=>"26VgV9f8QOFNvDvhKSOMwX0LE5wcTjt/mieMYnhh+lc=", "user"=>{"name"=>"", "login"=>""}}
Rendering users/create
Completed in 14ms (View: 0, DB: 0) | 200 OK [http://localhost/users?format=js]


Processing UsersController#new (for 127.0.0.1 at 2010-07-27 15:45:08) [GET]
Rendering template within layouts/users
Rendering users/new
Completed in 123ms (View: 7, DB: 0) | 200 OK [http://localhost/users/new]


Processing UsersController#index (for 127.0.0.1 at 2010-07-27 15:45:10) [GET]
  [4;35;1mUser Load (0.8ms)[0m   [0mSELECT * FROM "users" [0m
Rendering template within layouts/users
Rendering users/index
Rendered users/_user (4.0ms)
Rendered users/_user (1.9ms)
Rendered users/_user (1.8ms)
Rendered users/_user (1.7ms)
Rendered users/_user (2.1ms)
Rendered users/_user (1.8ms)
Rendered users/_user (1.7ms)
Rendered users/_user (2.7ms)
Rendered users/_user (1.9ms)
Completed in 39ms (View: 31, DB: 1) | 200 OK [http://localhost/users]


Processing ApplicationController#index (for 127.0.0.1 at 2010-07-27 15:45:12) [GET]

ActionController::RoutingError (No route matches "/stylesheets/spinner.gif" with {:method=>:get}):
  

Rendering rescues/layout (not_found)


Processing UsersController#new (for 127.0.0.1 at 2010-07-27 15:45:12) [GET]
Rendering template within layouts/users
Rendering users/new
Completed in 13ms (View: 8, DB: 0) | 200 OK [http://localhost/users/new]


Processing UsersController#create to js (for 127.0.0.1 at 2010-07-27 15:45:14) [POST]
  Parameters: {"commit"=>"Create", "authenticity_token"=>"26VgV9f8QOFNvDvhKSOMwX0LE5wcTjt/mieMYnhh+lc=", "user"=>{"name"=>"", "login"=>""}}
Rendering users/create
Completed in 12ms (View: 0, DB: 0) | 200 OK [http://localhost/users?format=js]


Processing UsersController#new (for 127.0.0.1 at 2010-07-27 15:45:17) [GET]
Rendering template within layouts/users
Rendering users/new
Completed in 11ms (View: 7, DB: 0) | 200 OK [http://localhost/users/new]


Processing UsersController#new (for 127.0.0.1 at 2010-07-27 15:46:25) [GET]
Rendering template within layouts/users
Rendering users/new
Completed in 11ms (View: 6, DB: 0) | 200 OK [http://localhost/users/new]


Processing UsersController#index (for 127.0.0.1 at 2010-07-27 15:46:27) [GET]
  [4;36;1mUser Load (0.6ms)[0m   [0;1mSELECT * FROM "users" [0m
Rendering template within layouts/users
Rendering users/index
Rendered users/_user (3.5ms)
Rendered users/_user (1.7ms)
Rendered users/_user (1.6ms)
Rendered users/_user (1.7ms)
Rendered users/_user (1.7ms)
Rendered users/_user (1.7ms)
Rendered users/_user (1.6ms)
Rendered users/_user (1.6ms)
Rendered users/_user (1.6ms)
Completed in 27ms (View: 23, DB: 1) | 200 OK [http://localhost/users]


Processing UsersController#index (for 127.0.0.1 at 2010-07-27 15:46:28) [GET]
  [4;35;1mUser Load (0.6ms)[0m   [0mSELECT * FROM "users" [0m
Rendering template within layouts/users
Rendering users/index
Rendered users/_user (3.6ms)
Rendered users/_user (1.8ms)
Rendered users/_user (1.6ms)
Rendered users/_user (1.6ms)
Rendered users/_user (1.6ms)
Rendered users/_user (1.6ms)
Rendered users/_user (1.7ms)
Rendered users/_user (1.7ms)
Rendered users/_user (1.6ms)
Completed in 26ms (View: 21, DB: 1) | 200 OK [http://localhost/users]


Processing ApplicationController#index (for 127.0.0.1 at 2010-07-27 15:46:29) [GET]

ActionController::RoutingError (No route matches "/stylesheets/spinner.gif" with {:method=>:get}):
  

Rendering rescues/layout (not_found)


Processing UsersController#new (for 127.0.0.1 at 2010-07-27 15:46:30) [GET]
Rendering template within layouts/users
Rendering users/new
Completed in 58ms (View: 53, DB: 0) | 200 OK [http://localhost/users/new]


Processing UsersController#create to js (for 127.0.0.1 at 2010-07-27 15:46:31) [POST]
  Parameters: {"commit"=>"Create", "authenticity_token"=>"26VgV9f8QOFNvDvhKSOMwX0LE5wcTjt/mieMYnhh+lc=", "user"=>{"name"=>"", "login"=>""}}
Rendering users/create
Completed in 11ms (View: 0, DB: 0) | 200 OK [http://localhost/users?format=js]


Processing UsersController#new (for 127.0.0.1 at 2010-07-27 15:46:34) [GET]
Rendering template within layouts/users
Rendering users/new
Completed in 12ms (View: 7, DB: 0) | 200 OK [http://localhost/users/new]


Processing UsersController#index (for 127.0.0.1 at 2010-07-27 15:46:35) [GET]
  [4;36;1mUser Load (0.6ms)[0m   [0;1mSELECT * FROM "users" [0m
Rendering template within layouts/users
Rendering users/index
Rendered users/_user (3.7ms)
Rendered users/_user (1.7ms)
Rendered users/_user (1.7ms)
Rendered users/_user (1.7ms)
Rendered users/_user (1.6ms)
Rendered users/_user (1.7ms)
Rendered users/_user (1.7ms)
Rendered users/_user (1.7ms)
Rendered users/_user (1.7ms)
Completed in 26ms (View: 21, DB: 1) | 200 OK [http://localhost/users]


Processing UsersController#index (for 127.0.0.1 at 2010-07-27 15:48:58) [GET]
  [4;35;1mUser Load (0.6ms)[0m   [0mSELECT * FROM "users" [0m
Rendering template within layouts/users
Rendering users/index
Rendered users/_user (3.6ms)
Rendered users/_user (1.6ms)
Rendered users/_user (1.9ms)
Rendered users/_user (1.6ms)
Rendered users/_user (1.6ms)
Rendered users/_user (1.6ms)
Rendered users/_user (1.6ms)
Rendered users/_user (1.7ms)
Rendered users/_user (1.7ms)
Completed in 28ms (View: 23, DB: 1) | 200 OK [http://localhost/users]


Processing ApplicationController#index (for 127.0.0.1 at 2010-07-27 15:49:00) [GET]

ActionController::RoutingError (No route matches "/stylesheets/spinner.gif" with {:method=>:get}):
  

Rendering rescues/layout (not_found)


Processing UsersController#new (for 127.0.0.1 at 2010-07-27 15:49:01) [GET]
Rendering template within layouts/users
Rendering users/new
Completed in 12ms (View: 7, DB: 0) | 200 OK [http://localhost/users/new]


Processing UsersController#create to js (for 127.0.0.1 at 2010-07-27 15:49:02) [POST]
  Parameters: {"commit"=>"Create", "authenticity_token"=>"26VgV9f8QOFNvDvhKSOMwX0LE5wcTjt/mieMYnhh+lc=", "user"=>{"name"=>"", "login"=>""}}
Rendering users/create
Completed in 14ms (View: 0, DB: 0) | 200 OK [http://localhost/users?format=js]


Processing UsersController#index (for 127.0.0.1 at 2010-07-27 15:50:46) [GET]
  [4;36;1mUser Load (0.5ms)[0m   [0;1mSELECT * FROM "users" [0m
Rendering template within layouts/users
Rendering users/index
Rendered users/_user (3.5ms)
Rendered users/_user (1.6ms)
Rendered users/_user (1.6ms)
Rendered users/_user (1.6ms)
Rendered users/_user (1.6ms)
Rendered users/_user (1.6ms)
Rendered users/_user (1.7ms)
Rendered users/_user (2.2ms)
Rendered users/_user (1.6ms)
Completed in 25ms (View: 21, DB: 1) | 200 OK [http://localhost/users]


Processing ApplicationController#index (for 127.0.0.1 at 2010-07-27 15:50:47) [GET]

ActionController::RoutingError (No route matches "/stylesheets/spinner.gif" with {:method=>:get}):
  

Rendering rescues/layout (not_found)


Processing UsersController#new (for 127.0.0.1 at 2010-07-27 15:50:48) [GET]
Rendering template within layouts/users
Rendering users/new
Completed in 11ms (View: 7, DB: 0) | 200 OK [http://localhost/users/new]


Processing UsersController#create to js (for 127.0.0.1 at 2010-07-27 15:50:49) [POST]
  Parameters: {"commit"=>"Create", "authenticity_token"=>"26VgV9f8QOFNvDvhKSOMwX0LE5wcTjt/mieMYnhh+lc=", "user"=>{"name"=>"", "login"=>""}}
Rendering users/create
Completed in 12ms (View: 0, DB: 0) | 200 OK [http://localhost/users?format=js]


Processing UsersController#index (for 127.0.0.1 at 2010-07-27 15:51:14) [GET]
  [4;35;1mUser Load (0.5ms)[0m   [0mSELECT * FROM "users" [0m
Rendering template within layouts/users
Rendering users/index
Rendered users/_user (3.4ms)
Rendered users/_user (1.6ms)
Rendered users/_user (1.6ms)
Rendered users/_user (1.6ms)
Rendered users/_user (1.6ms)
Rendered users/_user (1.7ms)
Rendered users/_user (1.6ms)
Rendered users/_user (1.6ms)
Rendered users/_user (1.6ms)
Completed in 24ms (View: 20, DB: 1) | 200 OK [http://localhost/users]


Processing UsersController#index (for 127.0.0.1 at 2010-07-27 15:51:15) [GET]
  [4;36;1mUser Load (0.6ms)[0m   [0;1mSELECT * FROM "users" [0m
Rendering template within layouts/users
Rendering users/index
Rendered users/_user (108.1ms)
Rendered users/_user (1.9ms)
Rendered users/_user (1.7ms)
Rendered users/_user (1.7ms)
Rendered users/_user (1.8ms)
Rendered users/_user (1.6ms)
Rendered users/_user (1.7ms)
Rendered users/_user (1.6ms)
Rendered users/_user (1.6ms)
Completed in 130ms (View: 126, DB: 1) | 200 OK [http://localhost/users]


Processing ApplicationController#index (for 127.0.0.1 at 2010-07-27 15:51:17) [GET]

ActionController::RoutingError (No route matches "/stylesheets/spinner.gif" with {:method=>:get}):
  

Rendering rescues/layout (not_found)


Processing UsersController#new (for 127.0.0.1 at 2010-07-27 15:51:18) [GET]
Rendering template within layouts/users
Rendering users/new
Completed in 13ms (View: 8, DB: 0) | 200 OK [http://localhost/users/new]


Processing UsersController#create to js (for 127.0.0.1 at 2010-07-27 15:51:19) [POST]
  Parameters: {"commit"=>"Create", "authenticity_token"=>"26VgV9f8QOFNvDvhKSOMwX0LE5wcTjt/mieMYnhh+lc=", "user"=>{"name"=>"", "login"=>""}}
Rendering users/create
Completed in 11ms (View: 0, DB: 0) | 200 OK [http://localhost/users?format=js]


Processing UsersController#index (for 127.0.0.1 at 2010-07-27 15:52:05) [GET]
  [4;35;1mUser Load (0.6ms)[0m   [0mSELECT * FROM "users" [0m
Rendering template within layouts/users
Rendering users/index
Rendered users/_user (3.5ms)
Rendered users/_user (1.8ms)
Rendered users/_user (1.6ms)
Rendered users/_user (1.6ms)
Rendered users/_user (1.7ms)
Rendered users/_user (1.7ms)
Rendered users/_user (1.7ms)
Rendered users/_user (1.7ms)
Rendered users/_user (1.6ms)
Completed in 28ms (View: 23, DB: 1) | 200 OK [http://localhost/users]


Processing UsersController#index (for 127.0.0.1 at 2010-07-27 15:52:14) [GET]
  [4;36;1mUser Load (0.6ms)[0m   [0;1mSELECT * FROM "users" [0m
Rendering template within layouts/users
Rendering users/index
Rendered users/_user (3.5ms)
Rendered users/_user (1.6ms)
Rendered users/_user (1.6ms)
Rendered users/_user (1.6ms)
Rendered users/_user (1.6ms)
Rendered users/_user (1.6ms)
Rendered users/_user (1.6ms)
Rendered users/_user (1.6ms)
Rendered users/_user (2.2ms)
Completed in 27ms (View: 23, DB: 1) | 200 OK [http://localhost/users]


Processing ApplicationController#index (for 127.0.0.1 at 2010-07-27 15:52:16) [GET]

ActionController::RoutingError (No route matches "/stylesheets/spinner.gif" with {:method=>:get}):
  

Rendering rescues/layout (not_found)


Processing UsersController#new (for 127.0.0.1 at 2010-07-27 15:52:17) [GET]
Rendering template within layouts/users
Rendering users/new
Completed in 12ms (View: 7, DB: 0) | 200 OK [http://localhost/users/new]


Processing UsersController#create to js (for 127.0.0.1 at 2010-07-27 15:52:18) [POST]
  Parameters: {"commit"=>"Create", "authenticity_token"=>"26VgV9f8QOFNvDvhKSOMwX0LE5wcTjt/mieMYnhh+lc=", "user"=>{"name"=>"", "login"=>""}}
Rendering users/create
Completed in 14ms (View: 0, DB: 0) | 200 OK [http://localhost/users?format=js]


Processing UsersController#index to js (for 127.0.0.1 at 2010-07-27 15:52:24) [GET]
  [4;35;1mUser Load (0.6ms)[0m   [0mSELECT * FROM "users" [0m
Completed in 5ms (View: 0, DB: 1) | 406 Not Acceptable [http://localhost/users?format=js]


Processing UsersController#index (for 127.0.0.1 at 2010-07-27 15:52:36) [GET]
  [4;36;1mUser Load (0.6ms)[0m   [0;1mSELECT * FROM "users" [0m
Rendering template within layouts/users
Rendering users/index
Rendered users/_user (3.5ms)
Rendered users/_user (1.6ms)
Rendered users/_user (1.7ms)
Rendered users/_user (1.6ms)
Rendered users/_user (1.6ms)
Rendered users/_user (1.6ms)
Rendered users/_user (1.6ms)
Rendered users/_user (1.6ms)
Rendered users/_user (1.7ms)
Completed in 25ms (View: 20, DB: 1) | 200 OK [http://localhost/users]


Processing ApplicationController#index (for 127.0.0.1 at 2010-07-27 15:52:37) [GET]

ActionController::RoutingError (No route matches "/stylesheets/spinner.gif" with {:method=>:get}):
  

Rendering rescues/layout (not_found)


Processing UsersController#new (for 127.0.0.1 at 2010-07-27 15:52:38) [GET]
Rendering template within layouts/users
Rendering users/new
Completed in 14ms (View: 8, DB: 0) | 200 OK [http://localhost/users/new]


Processing UsersController#create to js (for 127.0.0.1 at 2010-07-27 15:52:39) [POST]
  Parameters: {"commit"=>"Create", "authenticity_token"=>"26VgV9f8QOFNvDvhKSOMwX0LE5wcTjt/mieMYnhh+lc=", "user"=>{"name"=>"", "login"=>""}}
Rendering users/create
Completed in 15ms (View: 0, DB: 0) | 200 OK [http://localhost/users?format=js]


Processing UsersController#edit (for 127.0.0.1 at 2010-07-27 15:52:58) [GET]
  Parameters: {"id"=>"5"}
  [4;35;1mUser Load (0.1ms)[0m   [0mSELECT * FROM "users" WHERE ("users"."id" = 5) [0m
Rendering template within layouts/users
Rendering users/edit
Completed in 14ms (View: 10, DB: 0) | 200 OK [http://localhost/users/5/edit]


Processing UsersController#index (for 127.0.0.1 at 2010-07-27 15:53:01) [GET]
  [4;36;1mUser Load (0.6ms)[0m   [0;1mSELECT * FROM "users" [0m
Rendering template within layouts/users
Rendering users/index
Rendered users/_user (3.4ms)
Rendered users/_user (1.7ms)
Rendered users/_user (1.7ms)
Rendered users/_user (1.6ms)
Rendered users/_user (1.7ms)
Rendered users/_user (1.7ms)
Rendered users/_user (1.7ms)
Rendered users/_user (1.7ms)
Rendered users/_user (1.6ms)
Completed in 25ms (View: 20, DB: 1) | 200 OK [http://localhost/users]


Processing UsersController#index (for 127.0.0.1 at 2010-07-27 15:54:50) [GET]
  [4;35;1mUser Load (0.6ms)[0m   [0mSELECT * FROM "users" [0m
Rendering template within layouts/users
Rendering users/index
Rendered users/_user (4.1ms)
Rendered users/_user (1.8ms)
Rendered users/_user (1.8ms)
Rendered users/_user (1.9ms)
Rendered users/_user (1.8ms)
Rendered users/_user (1.8ms)
Rendered users/_user (1.8ms)
Rendered users/_user (1.8ms)
Rendered users/_user (1.8ms)
Completed in 30ms (View: 25, DB: 1) | 200 OK [http://localhost/users]


Processing ApplicationController#index (for 127.0.0.1 at 2010-07-27 15:54:52) [GET]

ActionController::RoutingError (No route matches "/stylesheets/spinner.gif" with {:method=>:get}):
  

Rendering rescues/layout (not_found)


Processing UsersController#edit (for 127.0.0.1 at 2010-07-27 15:54:52) [GET]
  Parameters: {"id"=>"2"}
  [4;36;1mUser Load (0.1ms)[0m   [0;1mSELECT * FROM "users" WHERE ("users"."id" = 2) [0m
Rendering template within layouts/users
Rendering users/edit
Rendered users/_form (5.2ms)
Completed in 19ms (View: 15, DB: 0) | 200 OK [http://localhost/users/2/edit]


Processing UsersController#index (for 127.0.0.1 at 2010-07-27 15:57:58) [GET]
  [4;35;1mUser Load (0.6ms)[0m   [0mSELECT * FROM "users" [0m
Rendering template within layouts/users
Rendering users/index
Rendered users/_user (4.9ms)
Rendered users/_user (1.9ms)
Rendered users/_user (1.9ms)
Rendered users/_user (1.9ms)
Rendered users/_user (1.9ms)
Rendered users/_user (1.8ms)
Rendered users/_user (1.8ms)
Rendered users/_user (1.8ms)
Rendered users/_user (1.8ms)
Completed in 31ms (View: 26, DB: 1) | 200 OK [http://localhost/users]


Processing UsersController#index (for 127.0.0.1 at 2010-07-27 15:58:14) [GET]
  [4;36;1mUser Load (0.6ms)[0m   [0;1mSELECT * FROM "users" [0m
Rendering template within layouts/users
Rendering users/index
Rendered users/_user (4.6ms)
Rendered users/_user (2.4ms)
Rendered users/_user (2.2ms)
Rendered users/_user (2.0ms)
Rendered users/_user (1.9ms)
Rendered users/_user (1.9ms)
Rendered users/_user (2.0ms)
Rendered users/_user (1.9ms)
Rendered users/_user (1.9ms)
Completed in 34ms (View: 28, DB: 1) | 200 OK [http://localhost/users]


Processing ApplicationController#index (for 127.0.0.1 at 2010-07-27 15:58:16) [GET]

ActionController::RoutingError (No route matches "/stylesheets/spinner.gif" with {:method=>:get}):
  

Rendering rescues/layout (not_found)


Processing UsersController#edit (for 127.0.0.1 at 2010-07-27 15:58:17) [GET]
  Parameters: {"id"=>"5"}
  [4;35;1mUser Load (0.1ms)[0m   [0mSELECT * FROM "users" WHERE ("users"."id" = 5) [0m
Rendering template within layouts/users
Rendering users/edit
Rendered users/_form (49.3ms)
Completed in 57ms (View: 53, DB: 0) | 200 OK [http://localhost/users/5/edit]


Processing UsersController#create to js (for 127.0.0.1 at 2010-07-27 15:58:22) [POST]
  Parameters: {"commit"=>"Create", "authenticity_token"=>"26VgV9f8QOFNvDvhKSOMwX0LE5wcTjt/mieMYnhh+lc=", "user"=>{"name"=>"Fabio Akita", "login"=>"Akita"}}
  [4;36;1mUser Create (33.1ms)[0m   [0;1mINSERT INTO "users" ("name", "created_at", "avatar_file_name", "avatar_file_size", "updated_at", "avatar_content_type", "login", "avatar_updated_at") VALUES('Fabio Akita', '2010-07-27 18:58:22', NULL, NULL, '2010-07-27 18:58:22', NULL, 'Akita', NULL)[0m
[paperclip] Saving attachments.
Rendering users/create
Rendered users/_user (3.3ms)
Completed in 53ms (View: 0, DB: 0) | 200 OK [http://localhost/users?format=js]


Processing UsersController#edit (for 127.0.0.1 at 2010-07-27 15:58:42) [GET]
  Parameters: {"id"=>"5"}
  [4;35;1mUser Load (0.1ms)[0m   [0mSELECT * FROM "users" WHERE ("users"."id" = 5) [0m
Rendering template within layouts/users
Rendering users/edit
Rendered users/_form (5.8ms)
Completed in 14ms (View: 9, DB: 0) | 200 OK [http://localhost/users/5/edit]


Processing UsersController#index (for 127.0.0.1 at 2010-07-27 15:59:51) [GET]
  [4;36;1mUser Load (0.6ms)[0m   [0;1mSELECT * FROM "users" [0m
Rendering template within layouts/users
Rendering users/index
Rendered users/_user (3.7ms)
Rendered users/_user (1.8ms)
Rendered users/_user (1.9ms)
Rendered users/_user (1.8ms)
Rendered users/_user (1.8ms)
Rendered users/_user (1.8ms)
Rendered users/_user (1.8ms)
Rendered users/_user (1.8ms)
Rendered users/_user (1.8ms)
Rendered users/_user (1.8ms)
Completed in 29ms (View: 24, DB: 1) | 200 OK [http://localhost/users]


Processing ApplicationController#index (for 127.0.0.1 at 2010-07-27 15:59:53) [GET]

ActionController::RoutingError (No route matches "/stylesheets/spinner.gif" with {:method=>:get}):
  

Rendering rescues/layout (not_found)


Processing UsersController#edit (for 127.0.0.1 at 2010-07-27 15:59:54) [GET]
  Parameters: {"id"=>"10"}
  [4;35;1mUser Load (0.2ms)[0m   [0mSELECT * FROM "users" WHERE ("users"."id" = 10) [0m
Rendering template within layouts/users
Rendering users/edit

ActionView::TemplateError (undefined method `hidden' for #<ActionView::Helpers::FormBuilder:0x1023b6bb0>) on line #2 of app/views/users/_form.html.erb:
1: <% form_for(user, :html => { :target => "hiddenForm", :multipart => true }) do |f| %>
2:   <%= f.hidden :format, :value => "js" %>
3:   <p>
4:     <%= f.label :login %><br />
5:     <%= f.text_field :login %>

    app/views/users/_form.html.erb:2
    app/views/users/_form.html.erb:1
    app/views/users/edit.html.erb:1

Rendered rescues/_trace (161.0ms)
Rendered rescues/_request_and_response (0.3ms)
Rendering rescues/layout (internal_server_error)


Processing UsersController#index (for 127.0.0.1 at 2010-07-27 16:00:11) [GET]
  [4;36;1mUser Load (0.6ms)[0m   [0;1mSELECT * FROM "users" [0m
Rendering template within layouts/users
Rendering users/index
Rendered users/_user (3.7ms)
Rendered users/_user (1.8ms)
Rendered users/_user (1.9ms)
Rendered users/_user (1.9ms)
Rendered users/_user (1.9ms)
Rendered users/_user (1.9ms)
Rendered users/_user (1.9ms)
Rendered users/_user (1.9ms)
Rendered users/_user (1.9ms)
Rendered users/_user (1.9ms)
Completed in 29ms (View: 24, DB: 1) | 200 OK [http://localhost/users]


Processing ApplicationController#index (for 127.0.0.1 at 2010-07-27 16:00:13) [GET]

ActionController::RoutingError (No route matches "/stylesheets/spinner.gif" with {:method=>:get}):
  

Rendering rescues/layout (not_found)


Processing UsersController#edit (for 127.0.0.1 at 2010-07-27 16:00:14) [GET]
  Parameters: {"id"=>"10"}
  [4;35;1mUser Load (0.9ms)[0m   [0mSELECT * FROM "users" WHERE ("users"."id" = 10) [0m
Rendering template within layouts/users
Rendering users/edit
Rendered users/_form (6.3ms)
Completed in 17ms (View: 12, DB: 1) | 200 OK [http://localhost/users/10/edit]


Processing UsersController#update (for 127.0.0.1 at 2010-07-27 16:00:19) [PUT]
  Parameters: {"commit"=>"Create", "authenticity_token"=>"26VgV9f8QOFNvDvhKSOMwX0LE5wcTjt/mieMYnhh+lc=", "id"=>"10", "user"=>{"name"=>"Fabio", "format"=>"js", "login"=>"Akita"}}
  [4;36;1mUser Load (0.2ms)[0m   [0;1mSELECT * FROM "users" WHERE ("users"."id" = 10) [0m
Rendering users/update
Rendered users/_user (2.9ms)
Completed in 14ms (View: 0, DB: 0) | 200 OK [http://localhost/users/10]


Processing UsersController#update (for 127.0.0.1 at 2010-07-27 16:01:13) [PUT]
  Parameters: {"commit"=>"Create", "authenticity_token"=>"26VgV9f8QOFNvDvhKSOMwX0LE5wcTjt/mieMYnhh+lc=", "id"=>"10", "user"=>{"name"=>"Fabio", "format"=>"js", "login"=>"Akita"}}
  [4;35;1mUser Load (0.1ms)[0m   [0mSELECT * FROM "users" WHERE ("users"."id" = 10) [0m

ActiveRecord::UnknownAttributeError (unknown attribute: format):
  app/controllers/users_controller.rb:56:in `update'

Rendered rescues/_trace (34.7ms)
Rendered rescues/_request_and_response (0.3ms)
Rendering rescues/layout (internal_server_error)


Processing UsersController#index (for 127.0.0.1 at 2010-07-27 16:01:42) [GET]
  [4;36;1mUser Load (0.6ms)[0m   [0;1mSELECT * FROM "users" [0m
Rendering template within layouts/users
Rendering users/index
Rendered users/_user (3.9ms)
Rendered users/_user (1.8ms)
Rendered users/_user (1.8ms)
Rendered users/_user (1.8ms)
Rendered users/_user (1.8ms)
Rendered users/_user (1.8ms)
Rendered users/_user (1.8ms)
Rendered users/_user (1.9ms)
Rendered users/_user (1.8ms)
Rendered users/_user (1.9ms)
Completed in 29ms (View: 24, DB: 1) | 200 OK [http://localhost/users]


Processing ApplicationController#index (for 127.0.0.1 at 2010-07-27 16:01:44) [GET]

ActionController::RoutingError (No route matches "/stylesheets/spinner.gif" with {:method=>:get}):
  

Rendering rescues/layout (not_found)


Processing UsersController#edit (for 127.0.0.1 at 2010-07-27 16:01:45) [GET]
  Parameters: {"id"=>"10"}
  [4;35;1mUser Load (0.1ms)[0m   [0mSELECT * FROM "users" WHERE ("users"."id" = 10) [0m
Rendering template within layouts/users
Rendering users/edit
Rendered users/_form (6.1ms)
Completed in 17ms (View: 13, DB: 0) | 200 OK [http://localhost/users/10/edit]


Processing UsersController#update to valuejs (for 127.0.0.1 at 2010-07-27 16:01:48) [PUT]
  Parameters: {"commit"=>"Create", "authenticity_token"=>"26VgV9f8QOFNvDvhKSOMwX0LE5wcTjt/mieMYnhh+lc=", "id"=>"10", "user"=>{"name"=>"Fabio ", "login"=>"Akita"}}
  [4;36;1mUser Load (0.1ms)[0m   [0;1mSELECT * FROM "users" WHERE ("users"."id" = 10) [0m
  [4;35;1mUser Update (15.3ms)[0m   [0mUPDATE "users" SET "updated_at" = '2010-07-27 19:01:48', "name" = 'Fabio ' WHERE "id" = 10[0m
[paperclip] Saving attachments.
Completed in 28ms (View: 0, DB: 0) | 200 OK [http://localhost/users/10]


Processing UsersController#index (for 127.0.0.1 at 2010-07-27 16:03:17) [GET]
  [4;36;1mUser Load (0.6ms)[0m   [0;1mSELECT * FROM "users" [0m
Rendering template within layouts/users
Rendering users/index
Rendered users/_user (3.8ms)
Rendered users/_user (1.9ms)
Rendered users/_user (1.9ms)
Rendered users/_user (1.9ms)
Rendered users/_user (1.8ms)
Rendered users/_user (1.8ms)
Rendered users/_user (1.9ms)
Rendered users/_user (1.8ms)
Rendered users/_user (2.3ms)
Rendered users/_user (2.2ms)
Completed in 30ms (View: 25, DB: 1) | 200 OK [http://localhost/users]


Processing ApplicationController#index (for 127.0.0.1 at 2010-07-27 16:03:19) [GET]

ActionController::RoutingError (No route matches "/stylesheets/spinner.gif" with {:method=>:get}):
  

Rendering rescues/layout (not_found)


Processing UsersController#edit (for 127.0.0.1 at 2010-07-27 16:03:19) [GET]
  Parameters: {"id"=>"4"}
  [4;35;1mUser Load (0.1ms)[0m   [0mSELECT * FROM "users" WHERE ("users"."id" = 4) [0m
Rendering template within layouts/users
Rendering users/edit
Rendered users/_form (52.0ms)
Completed in 64ms (View: 59, DB: 0) | 200 OK [http://localhost/users/4/edit]


Processing UsersController#4 to js (for 127.0.0.1 at 2010-07-27 16:03:37) [POST]
  Parameters: {"commit"=>"Create", "authenticity_token"=>"26VgV9f8QOFNvDvhKSOMwX0LE5wcTjt/mieMYnhh+lc=", "id"=>"edit", "user"=>{"name"=>"Fabio", "login"=>"Akita"}}

ActionController::UnknownAction (No action responded to 4. Actions: create, destroy, edit, index, new, show, and update):
  

Rendering rescues/layout (not_found)


Processing UsersController#4 to js (for 127.0.0.1 at 2010-07-27 16:03:43) [POST]
  Parameters: {"commit"=>"Create", "authenticity_token"=>"26VgV9f8QOFNvDvhKSOMwX0LE5wcTjt/mieMYnhh+lc=", "id"=>"edit", "user"=>{"name"=>"Fabio", "login"=>"Akita"}}

ActionController::UnknownAction (No action responded to 4. Actions: create, destroy, edit, index, new, show, and update):
  

Rendering rescues/layout (not_found)


Processing UsersController#index (for 127.0.0.1 at 2010-07-27 16:06:32) [GET]
  [4;36;1mUser Load (0.6ms)[0m   [0;1mSELECT * FROM "users" [0m
Rendering template within layouts/users
Rendering users/index
Rendered users/_user (4.2ms)
Rendered users/_user (2.4ms)
Rendered users/_user (1.9ms)
Rendered users/_user (1.8ms)
Rendered users/_user (1.8ms)
Rendered users/_user (1.8ms)
Rendered users/_user (1.8ms)
Rendered users/_user (1.8ms)
Rendered users/_user (2.1ms)
Rendered users/_user (1.9ms)
Completed in 30ms (View: 25, DB: 1) | 200 OK [http://localhost/users]


Processing ApplicationController#index (for 127.0.0.1 at 2010-07-27 16:06:33) [GET]

ActionController::RoutingError (No route matches "/stylesheets/spinner.gif" with {:method=>:get}):
  

Rendering rescues/layout (not_found)


Processing UsersController#edit (for 127.0.0.1 at 2010-07-27 16:06:34) [GET]
  Parameters: {"id"=>"6"}
  [4;35;1mUser Load (0.1ms)[0m   [0mSELECT * FROM "users" WHERE ("users"."id" = 6) [0m
Rendering template within layouts/users
Rendering users/edit
Rendered users/_form (6.4ms)
Completed in 20ms (View: 15, DB: 0) | 200 OK [http://localhost/users/6/edit]


Processing UsersController#index (for 127.0.0.1 at 2010-07-27 16:11:58) [GET]
  [4;36;1mUser Load (0.7ms)[0m   [0;1mSELECT * FROM "users" [0m
Rendering template within layouts/users
Rendering users/index
Rendered users/_user (3.6ms)
Rendered users/_user (1.8ms)
Rendered users/_user (1.8ms)
Rendered users/_user (1.8ms)
Rendered users/_user (1.8ms)
Rendered users/_user (1.8ms)
Rendered users/_user (1.8ms)
Rendered users/_user (1.8ms)
Rendered users/_user (1.8ms)
Rendered users/_user (1.8ms)
Completed in 47ms (View: 41, DB: 1) | 200 OK [http://localhost/users]


Processing ApplicationController#index (for 127.0.0.1 at 2010-07-27 16:12:00) [GET]

ActionController::RoutingError (No route matches "/stylesheets/spinner.gif" with {:method=>:get}):
  

Rendering rescues/layout (not_found)


Processing UsersController#edit (for 127.0.0.1 at 2010-07-27 16:12:01) [GET]
  Parameters: {"id"=>"10"}
  [4;35;1mUser Load (0.1ms)[0m   [0mSELECT * FROM "users" WHERE ("users"."id" = 10) [0m
Rendering template within layouts/users
Rendering users/edit
Rendered users/_form (45.5ms)
Completed in 53ms (View: 49, DB: 0) | 200 OK [http://localhost/users/10/edit]


Processing UsersController#update (for 127.0.0.1 at 2010-07-27 16:12:04) [PUT]
  Parameters: {"commit"=>"Update", "authenticity_token"=>"26VgV9f8QOFNvDvhKSOMwX0LE5wcTjt/mieMYnhh+lc=", "id"=>"10", "user"=>{"name"=>"XXX", "login"=>"Akita"}}

NoMethodError (undefined method `accept=' for nil:NilClass):
  app/controllers/users_controller.rb:82:in `change_format'

Rendered rescues/_trace (34.6ms)
Rendered rescues/_request_and_response (0.3ms)
Rendering rescues/layout (internal_server_error)


Processing UsersController#index (for 127.0.0.1 at 2010-07-27 16:12:14) [GET]
  [4;36;1mUser Load (0.7ms)[0m   [0;1mSELECT * FROM "users" [0m
Rendering template within layouts/users
Rendering users/index
Rendered users/_user (4.6ms)
Rendered users/_user (2.1ms)
Rendered users/_user (1.9ms)
Rendered users/_user (1.9ms)
Rendered users/_user (1.9ms)
Rendered users/_user (1.9ms)
Rendered users/_user (1.9ms)
Rendered users/_user (2.0ms)
Rendered users/_user (1.9ms)
Rendered users/_user (1.9ms)
Completed in 32ms (View: 27, DB: 1) | 200 OK [http://localhost/users]


Processing ApplicationController#index (for 127.0.0.1 at 2010-07-27 16:12:15) [GET]

ActionController::RoutingError (No route matches "/stylesheets/spinner.gif" with {:method=>:get}):
  

Rendering rescues/layout (not_found)


Processing UsersController#edit (for 127.0.0.1 at 2010-07-27 16:12:16) [GET]
  Parameters: {"id"=>"10"}
  [4;35;1mUser Load (1.1ms)[0m   [0mSELECT * FROM "users" WHERE ("users"."id" = 10) [0m
Rendering template within layouts/users
Rendering users/edit
Rendered users/_form (5.3ms)
Completed in 14ms (View: 8, DB: 1) | 200 OK [http://localhost/users/10/edit]


Processing UsersController#update (for 127.0.0.1 at 2010-07-27 16:12:19) [PUT]
  Parameters: {"commit"=>"Update", "authenticity_token"=>"26VgV9f8QOFNvDvhKSOMwX0LE5wcTjt/mieMYnhh+lc=", "id"=>"10", "user"=>{"name"=>"Fabio XXX", "login"=>"Akita"}}

NoMethodError (undefined method `accept=' for #<ActionController::Request:0x1026a2450>):
  app/controllers/users_controller.rb:82:in `change_format'

Rendered rescues/_trace (33.9ms)
Rendered rescues/_request_and_response (0.3ms)
Rendering rescues/layout (internal_server_error)


Processing UsersController#index (for 127.0.0.1 at 2010-07-27 16:13:35) [GET]
  [4;36;1mUser Load (0.6ms)[0m   [0;1mSELECT * FROM "users" [0m
Rendering template within layouts/users
Rendering users/index
Rendered users/_user (3.6ms)
Rendered users/_user (1.9ms)
Rendered users/_user (1.8ms)
Rendered users/_user (1.8ms)
Rendered users/_user (1.9ms)
Rendered users/_user (1.8ms)
Rendered users/_user (1.8ms)
Rendered users/_user (1.8ms)
Rendered users/_user (1.8ms)
Rendered users/_user (1.8ms)
Completed in 30ms (View: 24, DB: 1) | 200 OK [http://localhost/users]


Processing ApplicationController#index (for 127.0.0.1 at 2010-07-27 16:13:36) [GET]

ActionController::RoutingError (No route matches "/stylesheets/spinner.gif" with {:method=>:get}):
  

Rendering rescues/layout (not_found)


Processing UsersController#edit (for 127.0.0.1 at 2010-07-27 16:13:37) [GET]
  Parameters: {"id"=>"9"}
  [4;35;1mUser Load (0.2ms)[0m   [0mSELECT * FROM "users" WHERE ("users"."id" = 9) [0m
Rendering template within layouts/users
Rendering users/edit
Rendered users/_form (6.3ms)
Completed in 15ms (View: 10, DB: 0) | 200 OK [http://localhost/users/9/edit]


Processing UsersController#update (for 127.0.0.1 at 2010-07-27 16:13:40) [PUT]
  Parameters: {"commit"=>"Update", "authenticity_token"=>"26VgV9f8QOFNvDvhKSOMwX0LE5wcTjt/mieMYnhh+lc=", "id"=>"9", "user"=>{"name"=>"Blabla", "login"=>"teste"}}
  [4;36;1mUser Load (0.1ms)[0m   [0;1mSELECT * FROM "users" WHERE ("users"."id" = 9) [0m
  [4;35;1mUser Update (23.0ms)[0m   [0mUPDATE "users" SET "updated_at" = '2010-07-27 19:13:40', "name" = 'Blabla' WHERE "id" = 9[0m
[paperclip] Saving attachments.
Rendering users/update
Rendered users/_user (2.6ms)
Completed in 38ms (View: 0, DB: 0) | 200 OK [http://localhost/users/9]


Processing UsersController#index (for 127.0.0.1 at 2010-07-27 16:14:10) [GET]
  [4;36;1mUser Load (0.6ms)[0m   [0;1mSELECT * FROM "users" [0m
Rendering template within layouts/users
Rendering users/index
Rendered users/_user (3.7ms)
Rendered users/_user (1.9ms)
Rendered users/_user (2.0ms)
Rendered users/_user (1.9ms)
Rendered users/_user (1.9ms)
Rendered users/_user (1.9ms)
Rendered users/_user (1.9ms)
Rendered users/_user (1.9ms)
Rendered users/_user (1.8ms)
Rendered users/_user (2.0ms)
Completed in 29ms (View: 25, DB: 1) | 200 OK [http://localhost/users]


Processing ApplicationController#index (for 127.0.0.1 at 2010-07-27 16:14:11) [GET]

ActionController::RoutingError (No route matches "/stylesheets/spinner.gif" with {:method=>:get}):
  

Rendering rescues/layout (not_found)


Processing UsersController#edit (for 127.0.0.1 at 2010-07-27 16:14:12) [GET]
  Parameters: {"id"=>"9"}
  [4;35;1mUser Load (0.1ms)[0m   [0mSELECT * FROM "users" WHERE ("users"."id" = 9) [0m
Rendering template within layouts/users
Rendering users/edit
Rendered users/_form (6.8ms)
Completed in 14ms (View: 10, DB: 0) | 200 OK [http://localhost/users/9/edit]


Processing UsersController#update (for 127.0.0.1 at 2010-07-27 16:14:15) [PUT]
  Parameters: {"commit"=>"Update", "authenticity_token"=>"26VgV9f8QOFNvDvhKSOMwX0LE5wcTjt/mieMYnhh+lc=", "id"=>"9", "user"=>{"name"=>"Hello", "login"=>"teste"}}
  [4;36;1mUser Load (0.1ms)[0m   [0;1mSELECT * FROM "users" WHERE ("users"."id" = 9) [0m
  [4;35;1mUser Update (0.2ms)[0m   [0mUPDATE "users" SET "updated_at" = '2010-07-27 19:14:15', "name" = 'Hello' WHERE "id" = 9[0m
[paperclip] Saving attachments.
Rendering users/update
Rendered users/_user (2.1ms)
Completed in 18ms (View: 0, DB: 0) | 200 OK [http://localhost/users/9]


Processing UsersController#index (for 127.0.0.1 at 2010-07-27 16:14:29) [GET]
  [4;36;1mUser Load (0.7ms)[0m   [0;1mSELECT * FROM "users" [0m
Rendering template within layouts/users
Rendering users/index
Rendered users/_user (3.9ms)
Rendered users/_user (2.2ms)
Rendered users/_user (2.0ms)
Rendered users/_user (1.8ms)
Rendered users/_user (1.9ms)
Rendered users/_user (1.9ms)
Rendered users/_user (1.9ms)
Rendered users/_user (1.9ms)
Rendered users/_user (1.8ms)
Rendered users/_user (1.9ms)
Completed in 30ms (View: 25, DB: 1) | 200 OK [http://localhost/users]


Processing ApplicationController#index (for 127.0.0.1 at 2010-07-27 16:14:31) [GET]

ActionController::RoutingError (No route matches "/stylesheets/spinner.gif" with {:method=>:get}):
  

Rendering rescues/layout (not_found)


Processing UsersController#edit (for 127.0.0.1 at 2010-07-27 16:14:32) [GET]
  Parameters: {"id"=>"9"}
  [4;35;1mUser Load (0.2ms)[0m   [0mSELECT * FROM "users" WHERE ("users"."id" = 9) [0m
Rendering template within layouts/users
Rendering users/edit
Rendered users/_form (6.9ms)
Completed in 15ms (View: 10, DB: 0) | 200 OK [http://localhost/users/9/edit]


Processing UsersController#update (for 127.0.0.1 at 2010-07-27 16:14:37) [PUT]
  Parameters: {"commit"=>"Update", "authenticity_token"=>"26VgV9f8QOFNvDvhKSOMwX0LE5wcTjt/mieMYnhh+lc=", "id"=>"9", "user"=>{"name"=>"Hello", "login"=>"Akita"}}
  [4;36;1mUser Load (0.1ms)[0m   [0;1mSELECT * FROM "users" WHERE ("users"."id" = 9) [0m
  [4;35;1mUser Update (0.2ms)[0m   [0mUPDATE "users" SET "updated_at" = '2010-07-27 19:14:37', "login" = 'Akita' WHERE "id" = 9[0m
[paperclip] Saving attachments.
Rendering users/update
Rendered users/_user (2.0ms)
Completed in 18ms (View: 1, DB: 0) | 200 OK [http://localhost/users/9]


Processing UsersController#index (for 127.0.0.1 at 2010-07-27 16:14:49) [GET]
  [4;36;1mUser Load (0.7ms)[0m   [0;1mSELECT * FROM "users" [0m
Rendering template within layouts/users
Rendering users/index
Rendered users/_user (3.6ms)
Rendered users/_user (1.8ms)
Rendered users/_user (1.8ms)
Rendered users/_user (1.8ms)
Rendered users/_user (95.7ms)
Rendered users/_user (2.2ms)
Rendered users/_user (2.3ms)
Rendered users/_user (1.9ms)
Rendered users/_user (1.9ms)
Rendered users/_user (1.9ms)
Completed in 132ms (View: 127, DB: 1) | 200 OK [http://localhost/users]


Processing ApplicationController#index (for 127.0.0.1 at 2010-07-27 16:14:51) [GET]

ActionController::RoutingError (No route matches "/stylesheets/spinner.gif" with {:method=>:get}):
  

Rendering rescues/layout (not_found)


Processing UsersController#edit (for 127.0.0.1 at 2010-07-27 16:14:52) [GET]
  Parameters: {"id"=>"9"}
  [4;35;1mUser Load (0.2ms)[0m   [0mSELECT * FROM "users" WHERE ("users"."id" = 9) [0m
Rendering template within layouts/users
Rendering users/edit
Rendered users/_form (6.1ms)
Completed in 14ms (View: 9, DB: 0) | 200 OK [http://localhost/users/9/edit]


Processing UsersController#update (for 127.0.0.1 at 2010-07-27 16:14:56) [PUT]
  Parameters: {"commit"=>"Update", "authenticity_token"=>"26VgV9f8QOFNvDvhKSOMwX0LE5wcTjt/mieMYnhh+lc=", "id"=>"9", "user"=>{"name"=>"Fabio", "login"=>"Akita"}}
  [4;36;1mUser Load (0.1ms)[0m   [0;1mSELECT * FROM "users" WHERE ("users"."id" = 9) [0m
  [4;35;1mUser Update (0.2ms)[0m   [0mUPDATE "users" SET "updated_at" = '2010-07-27 19:14:56', "name" = 'Fabio' WHERE "id" = 9[0m
[paperclip] Saving attachments.
Rendering users/update
Rendered users/_user (2.1ms)
Completed in 17ms (View: 0, DB: 0) | 200 OK [http://localhost/users/9]


Processing UsersController#index (for 127.0.0.1 at 2010-07-27 16:15:29) [GET]
  [4;36;1mUser Load (0.6ms)[0m   [0;1mSELECT * FROM "users" [0m
Rendering template within layouts/users
Rendering users/index
Rendered users/_user (3.7ms)
Rendered users/_user (1.8ms)
Rendered users/_user (1.9ms)
Rendered users/_user (1.9ms)
Rendered users/_user (1.8ms)
Rendered users/_user (1.9ms)
Rendered users/_user (1.9ms)
Rendered users/_user (1.8ms)
Rendered users/_user (1.9ms)
Rendered users/_user (1.9ms)
Completed in 29ms (View: 24, DB: 1) | 200 OK [http://localhost/users]


Processing ApplicationController#index (for 127.0.0.1 at 2010-07-27 16:15:31) [GET]

ActionController::RoutingError (No route matches "/stylesheets/spinner.gif" with {:method=>:get}):
  

Rendering rescues/layout (not_found)


Processing UsersController#edit (for 127.0.0.1 at 2010-07-27 16:15:32) [GET]
  Parameters: {"id"=>"9"}
  [4;35;1mUser Load (0.1ms)[0m   [0mSELECT * FROM "users" WHERE ("users"."id" = 9) [0m
Rendering template within layouts/users
Rendering users/edit
Rendered users/_form (6.5ms)
Completed in 14ms (View: 9, DB: 0) | 200 OK [http://localhost/users/9/edit]


Processing UsersController#update (for 127.0.0.1 at 2010-07-27 16:15:36) [PUT]
  Parameters: {"commit"=>"Update", "authenticity_token"=>"26VgV9f8QOFNvDvhKSOMwX0LE5wcTjt/mieMYnhh+lc=", "id"=>"9", "user"=>{"name"=>"Hello", "login"=>"Akita"}}
  [4;36;1mUser Load (0.1ms)[0m   [0;1mSELECT * FROM "users" WHERE ("users"."id" = 9) [0m
  [4;35;1mUser Update (0.2ms)[0m   [0mUPDATE "users" SET "updated_at" = '2010-07-27 19:15:36', "name" = 'Hello' WHERE "id" = 9[0m
[paperclip] Saving attachments.
Rendering users/update
Rendered users/_user (2.1ms)
Completed in 18ms (View: 1, DB: 0) | 200 OK [http://localhost/users/9]


Processing UsersController#index (for 127.0.0.1 at 2010-07-27 16:15:56) [GET]
  [4;36;1mUser Load (0.6ms)[0m   [0;1mSELECT * FROM "users" [0m
Rendering template within layouts/users
Rendering users/index
Rendered users/_user (3.8ms)
Rendered users/_user (1.9ms)
Rendered users/_user (1.8ms)
Rendered users/_user (1.9ms)
Rendered users/_user (1.9ms)
Rendered users/_user (1.9ms)
Rendered users/_user (1.8ms)
Rendered users/_user (1.8ms)
Rendered users/_user (1.8ms)
Rendered users/_user (1.8ms)
Completed in 29ms (View: 24, DB: 1) | 200 OK [http://localhost/users]


Processing ApplicationController#index (for 127.0.0.1 at 2010-07-27 16:15:57) [GET]

ActionController::RoutingError (No route matches "/stylesheets/spinner.gif" with {:method=>:get}):
  

Rendering rescues/layout (not_found)


Processing UsersController#edit (for 127.0.0.1 at 2010-07-27 16:15:58) [GET]
  Parameters: {"id"=>"8"}
  [4;35;1mUser Load (0.1ms)[0m   [0mSELECT * FROM "users" WHERE ("users"."id" = 8) [0m
Rendering template within layouts/users
Rendering users/edit
Rendered users/_form (6.9ms)
Completed in 14ms (View: 10, DB: 0) | 200 OK [http://localhost/users/8/edit]


Processing UsersController#update (for 127.0.0.1 at 2010-07-27 16:16:02) [PUT]
  Parameters: {"commit"=>"Update", "authenticity_token"=>"26VgV9f8QOFNvDvhKSOMwX0LE5wcTjt/mieMYnhh+lc=", "id"=>"8", "user"=>{"name"=>"Hello", "login"=>"Akita"}}
  [4;36;1mUser Load (0.1ms)[0m   [0;1mSELECT * FROM "users" WHERE ("users"."id" = 8) [0m
  [4;35;1mUser Update (0.2ms)[0m   [0mUPDATE "users" SET "updated_at" = '2010-07-27 19:16:03', "name" = 'Hello' WHERE "id" = 8[0m
[paperclip] Saving attachments.
Rendering users/update
Rendered users/_user (2.1ms)
Completed in 126ms (View: 0, DB: 0) | 200 OK [http://localhost/users/8]


Processing UsersController#new (for 127.0.0.1 at 2010-07-27 16:16:11) [GET]
Rendering template within layouts/users
Rendering users/new
Rendered users/_form (5.1ms)
Completed in 16ms (View: 12, DB: 0) | 200 OK [http://localhost/users/new]


Processing UsersController#edit (for 127.0.0.1 at 2010-07-27 16:16:15) [GET]
  Parameters: {"id"=>"3"}
  [4;36;1mUser Load (0.1ms)[0m   [0;1mSELECT * FROM "users" WHERE ("users"."id" = 3) [0m
Rendering template within layouts/users
Rendering users/edit
Rendered users/_form (6.8ms)
Completed in 15ms (View: 10, DB: 0) | 200 OK [http://localhost/users/3/edit]
